<?xml version="1.0" encoding="UTF-8"?>
<!-- Generated by org.testng.reporters.JUnitReportReporter -->
<testsuite hostname="DESKTOP-Q1DR8GR" failures="0" tests="1" name="javaPackage.Test1" time="0.018" errors="0" timestamp="2023-10-03T05:31:30 PDT" skipped="0">
  <testcase classname="javaPackage.Test1" name="b" time="0.018"/>
</testsuite> <!-- javaPackage.Test1 -->
